2023-11-20 10:25:38,988 [INFO] Activator:177 - 


2023-11-20 10:25:38,989 [INFO] Activator:178 - !SESSION log4j initialized
2023-11-20 10:26:34,800 [INFO] Activator:177 - 


2023-11-20 10:26:34,802 [INFO] Activator:178 - !SESSION log4j initialized
2023-11-20 10:27:12,787 [INFO] McuFinderGlobals:39 - Set McuFinder mode to 2 (CubeIDE integrated)
2023-11-20 10:27:14,548 [INFO] ApplicationProperties:181 - Using Application install path: C:\ST\STM32CubeIDE_1.7.0\STM32CubeIDE\plugins\com.st.stm32cube.common.mx_6.3.0.202107141111
2023-11-20 10:27:14,558 [INFO] DbMcusXml:74 - Set database path to: C:\ST\STM32CubeIDE_1.7.0\STM32CubeIDE\plugins\com.st.stm32cube.common.mx_6.3.0.202107141111\\db\/mcu/
2023-11-20 10:27:14,562 [INFO] DbBoardsPdsc:56 - Set plugin database path to: C:\ST\STM32CubeIDE_1.7.0\STM32CubeIDE\plugins\com.st.stm32cube.common.mx_6.3.0.202107141111\\db\/plugins/boardmanager/
2023-11-20 10:27:14,563 [INFO] DbMcus:258 - Set plugin images path to: C:\ST\STM32CubeIDE_1.7.0\STM32CubeIDE\plugins\com.st.stm32cube.common.mx_6.3.0.202107141111\\db\/plugins/mcufinder/images/
2023-11-20 10:27:14,563 [INFO] DbBoards:264 - Set plugin images path to: C:\ST\STM32CubeIDE_1.7.0\STM32CubeIDE\plugins\com.st.stm32cube.common.mx_6.3.0.202107141111\\db\/plugins/mcufinder/images/
2023-11-20 10:27:14,565 [INFO] DbExamples:333 - Set plugin images path to: C:\ST\STM32CubeIDE_1.7.0\STM32CubeIDE\plugins\com.st.stm32cube.common.mx_6.3.0.202107141111\\db\/plugins/mcufinder/images/
2023-11-20 10:27:14,567 [INFO] DbMcusAds:119 - Set database path to: C:\Users\Admin\.stmcufinder\plugins\mcufinder//mcu/
2023-11-20 10:27:14,568 [INFO] DbMcusDocs:110 - Set database path to: C:\Users\Admin\.stmcufinder\plugins\mcufinder//mcu/
2023-11-20 10:27:14,570 [INFO] DbMcusJson:64 - Set database path to: C:\Users\Admin\.stmcufinder\plugins\mcufinder//mcu/
2023-11-20 10:27:14,571 [INFO] DbBoardsDocs:110 - Set database path to: C:\Users\Admin\.stmcufinder\plugins\mcufinder//mcu/
2023-11-20 10:27:14,572 [INFO] DbBoardsJson:57 - Set database path to: C:\Users\Admin\.stmcufinder\plugins\mcufinder//mcu/
2023-11-20 10:27:14,646 [INFO] CrossReferenceDbSqlite:196 - Set database path to: C:\Users\Admin\.stmcufinder\plugins\mcufinder//mcu/cs/
2023-11-20 10:27:14,651 [INFO] DbExamplesSqlite:767 - Set database path to: C:\Users\Admin\.stmcufinder\plugins\mcufinder//mcu/
2023-11-20 10:27:14,720 [INFO] RulesReader:57 - Compatibility file has been processed (242 Rules)
2023-11-20 10:27:14,768 [INFO] DbMcusXml:74 - Set database path to: C:\ST\STM32CubeIDE_1.7.0\STM32CubeIDE\plugins\com.st.stm32cube.common.mx_6.3.0.202107141111\\db\/mcu/
2023-11-20 10:27:14,769 [INFO] DbBoardsPdsc:56 - Set plugin database path to: C:\ST\STM32CubeIDE_1.7.0\STM32CubeIDE\plugins\com.st.stm32cube.common.mx_6.3.0.202107141111\\db\/plugins/boardmanager/
2023-11-20 10:27:14,770 [INFO] DbMcus:258 - Set plugin images path to: C:\ST\STM32CubeIDE_1.7.0\STM32CubeIDE\plugins\com.st.stm32cube.common.mx_6.3.0.202107141111\\db\/plugins/mcufinder/images/
2023-11-20 10:27:14,770 [INFO] DbBoards:264 - Set plugin images path to: C:\ST\STM32CubeIDE_1.7.0\STM32CubeIDE\plugins\com.st.stm32cube.common.mx_6.3.0.202107141111\\db\/plugins/mcufinder/images/
2023-11-20 10:27:14,770 [INFO] DbExamples:333 - Set plugin images path to: C:\ST\STM32CubeIDE_1.7.0\STM32CubeIDE\plugins\com.st.stm32cube.common.mx_6.3.0.202107141111\\db\/plugins/mcufinder/images/
2023-11-20 10:27:14,770 [WARN] DbFile:35 - Overriding database path with different value: C:\Users\Admin\.stmcufinder\plugins\mcufinder/ => C:\Users\Admin\.stmcufinder\plugins\mcufinder
2023-11-20 10:27:14,770 [INFO] DbMcusAds:119 - Set database path to: C:\Users\Admin\.stmcufinder\plugins\mcufinder//mcu/
2023-11-20 10:27:14,770 [WARN] DbFile:35 - Overriding database path with different value: C:\Users\Admin\.stmcufinder\plugins\mcufinder/ => C:\Users\Admin\.stmcufinder\plugins\mcufinder
2023-11-20 10:27:14,770 [INFO] DbMcusDocs:110 - Set database path to: C:\Users\Admin\.stmcufinder\plugins\mcufinder//mcu/
2023-11-20 10:27:14,770 [WARN] DbFile:35 - Overriding database path with different value: C:\Users\Admin\.stmcufinder\plugins\mcufinder/ => C:\Users\Admin\.stmcufinder\plugins\mcufinder
2023-11-20 10:27:14,770 [INFO] DbMcusJson:64 - Set database path to: C:\Users\Admin\.stmcufinder\plugins\mcufinder//mcu/
2023-11-20 10:27:14,771 [WARN] DbFile:35 - Overriding database path with different value: C:\Users\Admin\.stmcufinder\plugins\mcufinder/ => C:\Users\Admin\.stmcufinder\plugins\mcufinder
2023-11-20 10:27:14,771 [INFO] DbBoardsDocs:110 - Set database path to: C:\Users\Admin\.stmcufinder\plugins\mcufinder//mcu/
2023-11-20 10:27:14,771 [WARN] DbFile:35 - Overriding database path with different value: C:\Users\Admin\.stmcufinder\plugins\mcufinder/ => C:\Users\Admin\.stmcufinder\plugins\mcufinder
2023-11-20 10:27:14,771 [INFO] DbBoardsJson:57 - Set database path to: C:\Users\Admin\.stmcufinder\plugins\mcufinder//mcu/
2023-11-20 10:27:14,771 [WARN] DbFile:35 - Overriding database path with different value: C:\Users\Admin\.stmcufinder\plugins\mcufinder/ => C:\Users\Admin\.stmcufinder\plugins\mcufinder
2023-11-20 10:27:14,771 [WARN] DbFile:35 - Overriding database path with different value: C:\Users\Admin\.stmcufinder\plugins\mcufinder/ => C:\Users\Admin\.stmcufinder\plugins\mcufinder
2023-11-20 10:27:14,771 [INFO] CrossReferenceDbSqlite:196 - Set database path to: C:\Users\Admin\.stmcufinder\plugins\mcufinder//mcu/cs/
2023-11-20 10:27:14,771 [WARN] DbFile:35 - Overriding database path with different value: C:\Users\Admin\.stmcufinder\plugins\mcufinder/ => C:\Users\Admin\.stmcufinder\plugins\mcufinder
2023-11-20 10:27:14,771 [INFO] DbExamplesSqlite:767 - Set database path to: C:\Users\Admin\.stmcufinder\plugins\mcufinder//mcu/
2023-11-20 10:27:14,810 [INFO] MainPanel:214 - HeapMemory: 272629760
2023-11-20 10:27:14,855 [INFO] DbMcusXml:74 - Set database path to: C:\ST\STM32CubeIDE_1.7.0\STM32CubeIDE\plugins\com.st.stm32cube.common.mx_6.3.0.202107141111\\db\/mcu/
2023-11-20 10:27:14,856 [INFO] DbBoardsPdsc:56 - Set plugin database path to: C:\ST\STM32CubeIDE_1.7.0\STM32CubeIDE\plugins\com.st.stm32cube.common.mx_6.3.0.202107141111\\db\/plugins/boardmanager/
2023-11-20 10:27:14,856 [INFO] DbMcus:258 - Set plugin images path to: C:\ST\STM32CubeIDE_1.7.0\STM32CubeIDE\plugins\com.st.stm32cube.common.mx_6.3.0.202107141111\\db\/plugins/mcufinder/images/
2023-11-20 10:27:14,856 [INFO] DbBoards:264 - Set plugin images path to: C:\ST\STM32CubeIDE_1.7.0\STM32CubeIDE\plugins\com.st.stm32cube.common.mx_6.3.0.202107141111\\db\/plugins/mcufinder/images/
2023-11-20 10:27:14,856 [INFO] DbExamples:333 - Set plugin images path to: C:\ST\STM32CubeIDE_1.7.0\STM32CubeIDE\plugins\com.st.stm32cube.common.mx_6.3.0.202107141111\\db\/plugins/mcufinder/images/
2023-11-20 10:27:14,856 [WARN] DbFile:35 - Overriding database path with different value: C:\Users\Admin\.stmcufinder\plugins\mcufinder/ => C:\Users\Admin\.stmcufinder\plugins\mcufinder
2023-11-20 10:27:14,857 [INFO] DbMcusAds:119 - Set database path to: C:\Users\Admin\.stmcufinder\plugins\mcufinder//mcu/
2023-11-20 10:27:14,857 [WARN] DbFile:35 - Overriding database path with different value: C:\Users\Admin\.stmcufinder\plugins\mcufinder/ => C:\Users\Admin\.stmcufinder\plugins\mcufinder
2023-11-20 10:27:14,857 [INFO] DbMcusDocs:110 - Set database path to: C:\Users\Admin\.stmcufinder\plugins\mcufinder//mcu/
2023-11-20 10:27:14,857 [WARN] DbFile:35 - Overriding database path with different value: C:\Users\Admin\.stmcufinder\plugins\mcufinder/ => C:\Users\Admin\.stmcufinder\plugins\mcufinder
2023-11-20 10:27:14,857 [INFO] DbMcusJson:64 - Set database path to: C:\Users\Admin\.stmcufinder\plugins\mcufinder//mcu/
2023-11-20 10:27:14,857 [WARN] DbFile:35 - Overriding database path with different value: C:\Users\Admin\.stmcufinder\plugins\mcufinder/ => C:\Users\Admin\.stmcufinder\plugins\mcufinder
2023-11-20 10:27:14,857 [INFO] DbBoardsDocs:110 - Set database path to: C:\Users\Admin\.stmcufinder\plugins\mcufinder//mcu/
2023-11-20 10:27:14,857 [WARN] DbFile:35 - Overriding database path with different value: C:\Users\Admin\.stmcufinder\plugins\mcufinder/ => C:\Users\Admin\.stmcufinder\plugins\mcufinder
2023-11-20 10:27:14,857 [INFO] DbBoardsJson:57 - Set database path to: C:\Users\Admin\.stmcufinder\plugins\mcufinder//mcu/
2023-11-20 10:27:14,857 [WARN] DbFile:35 - Overriding database path with different value: C:\Users\Admin\.stmcufinder\plugins\mcufinder/ => C:\Users\Admin\.stmcufinder\plugins\mcufinder
2023-11-20 10:27:14,857 [WARN] DbFile:35 - Overriding database path with different value: C:\Users\Admin\.stmcufinder\plugins\mcufinder/ => C:\Users\Admin\.stmcufinder\plugins\mcufinder
2023-11-20 10:27:14,857 [INFO] CrossReferenceDbSqlite:196 - Set database path to: C:\Users\Admin\.stmcufinder\plugins\mcufinder//mcu/cs/
2023-11-20 10:27:14,858 [WARN] DbFile:35 - Overriding database path with different value: C:\Users\Admin\.stmcufinder\plugins\mcufinder/ => C:\Users\Admin\.stmcufinder\plugins\mcufinder
2023-11-20 10:27:14,858 [INFO] DbExamplesSqlite:767 - Set database path to: C:\Users\Admin\.stmcufinder\plugins\mcufinder//mcu/
2023-11-20 10:27:14,870 [INFO] ApplicationProperties:181 - Using Application install path: C:\ST\STM32CubeIDE_1.7.0\STM32CubeIDE\plugins\com.st.stm32cube.common.mx_6.3.0.202107141111
2023-11-20 10:27:14,871 [INFO] PluginManage:188 - Search for loadable plugins [exclusion list=, ]
2023-11-20 10:27:14,872 [INFO] PluginManage:302 - Check plugin analytics
2023-11-20 10:27:15,013 [INFO] AnalyticsPlugin:257 - Accepted Software Licenses: 
2023-11-20 10:27:15,013 [INFO] AnalyticsPlugin:259 - Accepted CMSIS Pack Licenses: 
2023-11-20 10:27:15,013 [INFO] AnalyticsPlugin:261 - Accepted Firmware Licenses: 
2023-11-20 10:27:15,013 [INFO] PluginManage:352 - Loaded plugin analytics (category:tool,tabindex:-1)
2023-11-20 10:27:15,013 [INFO] PluginManage:302 - Check plugin clock
2023-11-20 10:27:15,028 [INFO] PluginManage:352 - Loaded plugin clock (category:base,tabindex:2)
2023-11-20 10:27:15,028 [INFO] PluginManage:302 - Check plugin ddr
2023-11-20 10:27:15,029 [INFO] PluginManage:352 - Loaded plugin ddr (category:tool,tabindex:6)
2023-11-20 10:27:15,030 [INFO] PluginManage:302 - Check plugin filemanager
2023-11-20 10:27:15,121 [INFO] PluginManage:352 - Loaded plugin filemanager (category:base,tabindex:10)
2023-11-20 10:27:15,122 [INFO] PluginManage:302 - Check plugin ipmanager
2023-11-20 10:27:15,127 [INFO] PluginManage:352 - Loaded plugin ipmanager (category:base,tabindex:5)
2023-11-20 10:27:15,128 [INFO] PluginManage:302 - Check plugin pinoutandconfiguration
2023-11-20 10:27:15,140 [INFO] PluginManage:352 - Loaded plugin pinoutandconfiguration (category:base,tabindex:1)
2023-11-20 10:27:15,140 [INFO] PluginManage:302 - Check plugin pinoutconfig
2023-11-20 10:27:15,163 [INFO] PluginManage:352 - Loaded plugin pinoutconfig (category:base,tabindex:0)
2023-11-20 10:27:15,163 [INFO] PluginManage:302 - Check plugin power
2023-11-20 10:27:15,176 [INFO] PluginManage:352 - Loaded plugin power (category:power,tabindex:4)
2023-11-20 10:27:15,176 [INFO] PluginManage:302 - Check plugin projectmanager
2023-11-20 10:27:15,189 [INFO] PluginManage:352 - Loaded plugin projectmanager (category:projectmanager,tabindex:3)
2023-11-20 10:27:15,189 [INFO] PluginManage:302 - Check plugin thirdparty
2023-11-20 10:27:15,343 [INFO] PluginManage:352 - Loaded plugin thirdparty (category:base,tabindex:-1)
2023-11-20 10:27:15,343 [INFO] PluginManage:302 - Check plugin tools
2023-11-20 10:27:15,343 [WARN] IntegrityCheckThread:78 - waiting for thirdparty lock release [integrity check]
2023-11-20 10:27:15,344 [INFO] IntegrityCheckThread:80 - entering critical section [integrity check]
2023-11-20 10:27:15,344 [INFO] ThirdPartyUpdaterWithRetryManager:66 - Updater plugin not ready yet. [1/15]
2023-11-20 10:27:15,386 [INFO] PluginManage:352 - Loaded plugin tools (category:base,tabindex:7)
2023-11-20 10:27:15,386 [INFO] PluginManage:302 - Check plugin tutovideos
2023-11-20 10:27:15,525 [INFO] PluginManage:352 - Loaded plugin tutovideos (category:base,tabindex:-1)
2023-11-20 10:27:15,526 [INFO] PluginManage:302 - Check plugin updater
2023-11-20 10:27:15,537 [INFO] PluginManage:352 - Loaded plugin updater (category:base,tabindex:12)
2023-11-20 10:27:15,537 [INFO] PluginManage:275 - PluginManage : Loaded plugins [13]
2023-11-20 10:27:15,656 [INFO] PinOutPanel:1463 - setPackage(No Configuration,No Configuration)
2023-11-20 10:27:15,763 [INFO] IPUIPlugin:74 - create IPUIPlugin
2023-11-20 10:27:15,763 [INFO] PluginManager:213 - loadIPPluginJar : add adc
2023-11-20 10:27:15,797 [INFO] IPUIPlugin:74 - create IPUIPlugin
2023-11-20 10:27:15,797 [INFO] PluginManager:213 - loadIPPluginJar : add aes
2023-11-20 10:27:15,832 [INFO] IPUIPlugin:74 - create IPUIPlugin
2023-11-20 10:27:15,833 [INFO] PluginManager:213 - loadIPPluginJar : add can
2023-11-20 10:27:15,854 [INFO] IPUIPlugin:74 - create IPUIPlugin
2023-11-20 10:27:15,854 [INFO] PluginManager:213 - loadIPPluginJar : add comp
2023-11-20 10:27:15,880 [INFO] IPUIPlugin:74 - create IPUIPlugin
2023-11-20 10:27:15,880 [INFO] PluginManager:213 - loadIPPluginJar : add cryp
2023-11-20 10:27:15,907 [INFO] IPUIPlugin:74 - create IPUIPlugin
2023-11-20 10:27:15,908 [INFO] PluginManager:213 - loadIPPluginJar : add dfsdm
2023-11-20 10:27:15,919 [INFO] IPUIPlugin:74 - create IPUIPlugin
2023-11-20 10:27:15,919 [INFO] PluginManager:213 - loadIPPluginJar : add dma
2023-11-20 10:27:15,955 [INFO] IPUIPlugin:74 - create IPUIPlugin
2023-11-20 10:27:15,955 [INFO] PluginManager:213 - loadIPPluginJar : add dma3
2023-11-20 10:27:15,975 [INFO] IPUIPlugin:74 - create IPUIPlugin
2023-11-20 10:27:15,976 [INFO] PluginManager:213 - loadIPPluginJar : add fatfs
2023-11-20 10:27:16,015 [INFO] IPUIPlugin:74 - create IPUIPlugin
2023-11-20 10:27:16,016 [INFO] PluginManager:213 - loadIPPluginJar : add fmc
2023-11-20 10:27:16,027 [INFO] IPUIPlugin:74 - create IPUIPlugin
2023-11-20 10:27:16,028 [INFO] PluginManager:213 - loadIPPluginJar : add freertos
2023-11-20 10:27:16,048 [INFO] IPUIPlugin:74 - create IPUIPlugin
2023-11-20 10:27:16,048 [INFO] PluginManager:213 - loadIPPluginJar : add genericplugin
2023-11-20 10:27:16,119 [INFO] IPUIPlugin:74 - create IPUIPlugin
2023-11-20 10:27:16,119 [INFO] PluginManager:213 - loadIPPluginJar : add gfxmmu
2023-11-20 10:27:16,216 [INFO] IPUIPlugin:74 - create IPUIPlugin
2023-11-20 10:27:16,216 [INFO] PluginManager:213 - loadIPPluginJar : add gic
2023-11-20 10:27:16,227 [INFO] IPUIPlugin:74 - create IPUIPlugin
2023-11-20 10:27:16,227 [INFO] PluginManager:213 - loadIPPluginJar : add gpio
2023-11-20 10:27:16,290 [INFO] IPUIPlugin:74 - create IPUIPlugin
2023-11-20 10:27:16,290 [INFO] PluginManager:213 - loadIPPluginJar : add gtzc
2023-11-20 10:27:16,316 [INFO] IPUIPlugin:74 - create IPUIPlugin
2023-11-20 10:27:16,317 [INFO] PluginManager:213 - loadIPPluginJar : add hash
2023-11-20 10:27:16,360 [INFO] IPUIPlugin:74 - create IPUIPlugin
2023-11-20 10:27:16,360 [INFO] PluginManager:213 - loadIPPluginJar : add i2c
2023-11-20 10:27:16,394 [INFO] IPUIPlugin:74 - create IPUIPlugin
2023-11-20 10:27:16,394 [INFO] PluginManager:213 - loadIPPluginJar : add i2s
2023-11-20 10:27:16,403 [INFO] IPUIPlugin:74 - create IPUIPlugin
2023-11-20 10:27:16,403 [INFO] PluginManager:213 - loadIPPluginJar : add ipddr
2023-11-20 10:27:16,474 [INFO] IPUIPlugin:74 - create IPUIPlugin
2023-11-20 10:27:16,474 [INFO] PluginManager:213 - loadIPPluginJar : add linkedlist
2023-11-20 10:27:16,507 [INFO] IPUIPlugin:74 - create IPUIPlugin
2023-11-20 10:27:16,508 [INFO] PluginManager:213 - loadIPPluginJar : add lorawan
2023-11-20 10:27:16,539 [INFO] IPUIPlugin:74 - create IPUIPlugin
2023-11-20 10:27:16,539 [INFO] PluginManager:213 - loadIPPluginJar : add ltdc
2023-11-20 10:27:16,548 [INFO] IPUIPlugin:74 - create IPUIPlugin
2023-11-20 10:27:16,548 [INFO] PluginManager:213 - loadIPPluginJar : add mdma
2023-11-20 10:27:16,556 [INFO] IPUIPlugin:74 - create IPUIPlugin
2023-11-20 10:27:16,556 [INFO] PluginManager:213 - loadIPPluginJar : add nvic
2023-11-20 10:27:16,589 [INFO] IPUIPlugin:74 - create IPUIPlugin
2023-11-20 10:27:16,589 [INFO] PluginManager:213 - loadIPPluginJar : add opamp
2023-11-20 10:27:16,642 [INFO] IPUIPlugin:74 - create IPUIPlugin
2023-11-20 10:27:16,642 [INFO] PluginManager:213 - loadIPPluginJar : add openamp
2023-11-20 10:27:16,678 [INFO] IPUIPlugin:74 - create IPUIPlugin
2023-11-20 10:27:16,678 [INFO] PluginManager:213 - loadIPPluginJar : add pdm2pcm
2023-11-20 10:27:16,689 [INFO] IPUIPlugin:74 - create IPUIPlugin
2023-11-20 10:27:16,691 [INFO] PluginManager:213 - loadIPPluginJar : add plateformsettings
2023-11-20 10:27:16,713 [INFO] IPUIPlugin:74 - create IPUIPlugin
2023-11-20 10:27:16,713 [INFO] PluginManager:213 - loadIPPluginJar : add quadspi
2023-11-20 10:27:16,722 [INFO] IPUIPlugin:74 - create IPUIPlugin
2023-11-20 10:27:16,723 [INFO] PluginManager:213 - loadIPPluginJar : add resmgrutility
2023-11-20 10:27:16,770 [INFO] IPUIPlugin:74 - create IPUIPlugin
2023-11-20 10:27:16,770 [INFO] PluginManager:213 - loadIPPluginJar : add sai
2023-11-20 10:27:16,814 [INFO] IPUIPlugin:74 - create IPUIPlugin
2023-11-20 10:27:16,814 [INFO] PluginManager:213 - loadIPPluginJar : add spi
2023-11-20 10:27:16,874 [INFO] IPUIPlugin:74 - create IPUIPlugin
2023-11-20 10:27:16,874 [INFO] PluginManager:213 - loadIPPluginJar : add stm32_wpan
2023-11-20 10:27:16,905 [INFO] IPUIPlugin:74 - create IPUIPlugin
2023-11-20 10:27:16,905 [INFO] PluginManager:213 - loadIPPluginJar : add tim
2023-11-20 10:27:16,977 [INFO] IPUIPlugin:74 - create IPUIPlugin
2023-11-20 10:27:16,977 [INFO] PluginManager:213 - loadIPPluginJar : add touchsensing
2023-11-20 10:27:17,000 [INFO] IPUIPlugin:74 - create IPUIPlugin
2023-11-20 10:27:17,000 [INFO] PluginManager:213 - loadIPPluginJar : add tracer_emb
2023-11-20 10:27:17,025 [INFO] IPUIPlugin:74 - create IPUIPlugin
2023-11-20 10:27:17,026 [INFO] PluginManager:213 - loadIPPluginJar : add ts
2023-11-20 10:27:17,048 [INFO] IPUIPlugin:74 - create IPUIPlugin
2023-11-20 10:27:17,048 [INFO] PluginManager:213 - loadIPPluginJar : add tsc
2023-11-20 10:27:17,069 [INFO] IPUIPlugin:74 - create IPUIPlugin
2023-11-20 10:27:17,070 [INFO] PluginManager:213 - loadIPPluginJar : add ucpd
2023-11-20 10:27:17,109 [INFO] IPUIPlugin:74 - create IPUIPlugin
2023-11-20 10:27:17,110 [INFO] PluginManager:213 - loadIPPluginJar : add usart
2023-11-20 10:27:17,144 [INFO] IPUIPlugin:74 - create IPUIPlugin
2023-11-20 10:27:17,144 [INFO] PluginManager:213 - loadIPPluginJar : add usbx
2023-11-20 10:27:17,437 [FATAL] Updater:294 - Updater called before beeing initialized
2023-11-20 10:27:17,518 [FATAL] Updater:294 - Updater called before beeing initialized
2023-11-20 10:27:17,526 [INFO] DbMcusAds:47 - JSON generation date=Tue Mar 07 15:50:55 ICT 2023 (1678179055335)
2023-11-20 10:27:17,527 [FATAL] Updater:294 - Updater called before beeing initialized
2023-11-20 10:27:17,552 [WARN] DetailPanel:314 - Failed to get advertising image, set to default
2023-11-20 10:27:17,609 [FATAL] Updater:294 - Updater called before beeing initialized
2023-11-20 10:27:17,611 [FATAL] Updater:294 - Updater called before beeing initialized
2023-11-20 10:27:17,613 [FATAL] Updater:294 - Updater called before beeing initialized
2023-11-20 10:27:17,613 [WARN] DetailPanel:314 - Failed to get advertising image, set to default
2023-11-20 10:27:17,614 [FATAL] Updater:294 - Updater called before beeing initialized
2023-11-20 10:27:17,656 [ERROR] Updater:1075 - MainUpdater not yet initialized. External WinMGr cannot be set.
2023-11-20 10:27:17,664 [INFO] Updater:1012 - Updater Version found : 6.3.0
2023-11-20 10:27:17,678 [INFO] ApplicationProperties:181 - Using Application install path: C:\ST\STM32CubeIDE_1.7.0\STM32CubeIDE\plugins\com.st.stm32cube.common.mx_6.3.0.202107141111
2023-11-20 10:27:18,358 [INFO] ThirdPartyUpdaterWithRetryManager:66 - Updater plugin not ready yet. [2/15]
2023-11-20 10:27:18,367 [INFO] MainUpdater:2671 - connection check result : 10
2023-11-20 10:27:18,368 [INFO] MainUpdater:265 - Updater Check For Update Now.
2023-11-20 10:27:18,368 [INFO] MicroXplorer:478 - Change Database Version : DB.6.0.30
2023-11-20 10:27:18,535 [INFO] CheckServerUpdateThread:112 - End of CheckServer Thread
2023-11-20 10:27:18,617 [INFO] MainUpdater:2671 - connection check result : 10
2023-11-20 10:27:18,624 [INFO] MainUpdater:2671 - connection check result : 10
2023-11-20 10:27:18,783 [INFO] MicroXplorer:448 - Change Database Path : 
2023-11-20 10:27:18,784 [INFO] MicroXplorer:478 - Change Database Version : DB.6.0.30
2023-11-20 10:27:18,784 [WARN] ThirdParty:813 - waiting for thirdparty lock release [close project]
2023-11-20 10:27:21,443 [ERROR] Engine:463 - C:\Users\Admin\.stm32cubemx\thirdparties\pdsc\STMicroelectronics.X-CUBE-SMBUS.2.1.0.pdsc: PDSC version is not supported
2023-11-20 10:27:21,493 [WARN] PackLoader:238 - Cannot read IP mode file for STMicroelectronics.X-CUBE-AZRTOS-F7.1.1.0
2023-11-20 10:27:21,508 [ERROR] Engine:463 - C:\Users\Admin\.stm32cubemx\thirdparties\pdsc\STMicroelectronics.FP-SNS-MOTENV1.4.3.2.pdsc: PDSC version is not supported
2023-11-20 10:27:21,517 [ERROR] Engine:463 - C:\Users\Admin\.stm32cubemx\thirdparties\pdsc\STMicroelectronics.FP-SNS-FLIGHT1.5.0.2.pdsc: PDSC version is not supported
2023-11-20 10:27:21,525 [ERROR] Engine:463 - C:\Users\Admin\.stm32cubemx\thirdparties\pdsc\STMicroelectronics.X-CUBE-DISPLAY.3.0.0.pdsc: PDSC version is not supported
2023-11-20 10:27:21,536 [WARN] PackLoader:238 - Cannot read IP mode file for STMicroelectronics.X-CUBE-BLE1.7.0.0
2023-11-20 10:27:21,543 [ERROR] Engine:463 - C:\Users\Admin\.stm32cubemx\thirdparties\pdsc\emotas.I-CUBE-CANOPEN.1.3.0.pdsc: PDSC version is not supported
2023-11-20 10:27:21,555 [WARN] PackLoader:238 - Cannot read IP mode file for STMicroelectronics.X-CUBE-TOUCHGFX.4.22.0
2023-11-20 10:27:21,561 [WARN] PackLoader:238 - Cannot read IP mode file for STMicroelectronics.X-CUBE-TOUCHGFX.4.22.1
2023-11-20 10:27:21,569 [ERROR] Engine:463 - C:\Users\Admin\.stm32cubemx\thirdparties\pdsc\STMicroelectronics.FP-SNS-SMARTAG2.1.2.0.pdsc: PDSC version is not supported
2023-11-20 10:27:21,582 [INFO] LogOutputStream:76 - [STDOUT_REDIRECT] 1 : Invalid condition id : UX_CORESTACK_Condition cause : null
2023-11-20 10:27:21,585 [INFO] LogOutputStream:76 - [STDOUT_REDIRECT] 1 : Invalid condition id : UX_CORESTACK_Condition cause : null
2023-11-20 10:27:21,585 [INFO] LogOutputStream:76 - [STDOUT_REDIRECT] 1 : Invalid condition id : UX_CORESTACK_Condition cause : null
2023-11-20 10:27:21,586 [INFO] LogOutputStream:76 - [STDOUT_REDIRECT] 1 : Invalid condition id : UX_CORESTACK_Condition cause : null
2023-11-20 10:27:21,587 [INFO] LogOutputStream:76 - [STDOUT_REDIRECT] 1 : Invalid condition id : UX_CORESTACK_Condition cause : null
2023-11-20 10:27:21,589 [WARN] PackLoader:238 - Cannot read IP mode file for STMicroelectronics.X-CUBE-AZRTOS-WL.2.0.0
2023-11-20 10:27:21,600 [WARN] PackLoader:238 - Cannot read IP mode file for WES.I-CUBE-Cesium.1.3.0
2023-11-20 10:27:21,609 [WARN] PackLoader:238 - Cannot read IP mode file for STMicroelectronics.X-CUBE-BLE2.3.3.0
2023-11-20 10:27:21,620 [WARN] PackLoader:238 - Cannot read IP mode file for STMicroelectronics.X-CUBE-ALGOBUILD.1.3.0
2023-11-20 10:27:21,639 [WARN] PackLoader:238 - Cannot read IP mode file for STMicroelectronics.X-CUBE-AZRTOS-G0.1.1.0
2023-11-20 10:27:21,649 [WARN] PackLoader:238 - Cannot read IP mode file for STMicroelectronics.X-CUBE-NFC4.3.0.0
2023-11-20 10:27:21,658 [ERROR] Engine:463 - C:\Users\Admin\.stm32cubemx\thirdparties\pdsc\STMicroelectronics.X-CUBE-BLEMGR.3.0.0.pdsc: PDSC version is not supported
2023-11-20 10:27:21,693 [WARN] PackLoader:238 - Cannot read IP mode file for STMicroelectronics.FP-ATR-SIGFOX1.3.2.0
2023-11-20 10:27:21,729 [WARN] PackLoader:238 - Cannot read IP mode file for SEGGER.I-CUBE-embOS.1.3.1
2023-11-20 10:27:21,787 [WARN] PackLoader:238 - Cannot read IP mode file for STMicroelectronics.X-CUBE-GNSS1.6.0.0
2023-11-20 10:27:21,812 [WARN] PackLoader:238 - Cannot read IP mode file for STMicroelectronics.X-CUBE-AZRTOS-F4.1.1.0
2023-11-20 10:27:21,822 [WARN] PackLoader:238 - Cannot read IP mode file for wolfSSL.I-CUBE-wolfSSL.5.6.3
2023-11-20 10:27:21,842 [WARN] PackLoader:238 - Cannot read IP mode file for STMicroelectronics.X-CUBE-AZRTOS-L5.2.0.0
2023-11-20 10:27:21,887 [WARN] PackLoader:238 - Cannot read IP mode file for STMicroelectronics.X-CUBE-MEMS1.9.6.0
2023-11-20 10:27:22,074 [WARN] PackLoader:238 - Cannot read IP mode file for STMicroelectronics.X-CUBE-EEPRMA1.4.2.0
2023-11-20 10:27:22,082 [ERROR] Engine:463 - C:\Users\Admin\.stm32cubemx\thirdparties\pdsc\ITTIA_DB.I-CUBE-ITTIADB.8.8.0.pdsc: PDSC version is not supported
2023-11-20 10:27:22,096 [WARN] PackLoader:238 - Cannot read IP mode file for STMicroelectronics.X-CUBE-BLEMGR.2.0.0
2023-11-20 10:27:22,138 [WARN] ConditionMgr:437 - getConditionDescription Invalid condition id : UX DEVICE CLASS RTOS Condition cause : null
2023-11-20 10:27:22,138 [WARN] ConditionMgr:437 - getConditionDescription Invalid condition id : UX DEVICE CLASS RTOS Condition cause : null
2023-11-20 10:27:22,141 [WARN] PackLoader:238 - Cannot read IP mode file for STMicroelectronics.X-CUBE-AZRTOS-H7.3.1.0
2023-11-20 10:27:22,142 [WARN] ConditionMgr:1038 - genDependencies : Invalid condition id : UX DEVICE CLASS RTOS Condition cause : null
2023-11-20 10:27:22,142 [WARN] ConditionMgr:1038 - genDependencies : Invalid condition id : UX DEVICE CLASS RTOS Condition cause : null
2023-11-20 10:27:22,142 [WARN] ConditionMgr:1038 - genDependencies : Invalid condition id : UX DEVICE CLASS RTOS Condition cause : null
2023-11-20 10:27:22,142 [WARN] ConditionMgr:1038 - genDependencies : Invalid condition id : UX DEVICE CLASS RTOS Condition cause : null
2023-11-20 10:27:22,143 [WARN] ConditionMgr:1038 - genDependencies : Invalid condition id : UX DEVICE CLASS RTOS Condition cause : null
2023-11-20 10:27:22,156 [WARN] PackLoader:238 - Cannot read IP mode file for STMicroelectronics.X-CUBE-NFC7.1.0.1
2023-11-20 10:27:22,173 [WARN] PackLoader:238 - Cannot read IP mode file for STMicroelectronics.X-CUBE-NFC6.3.0.0
2023-11-20 10:27:22,189 [WARN] PackLoader:238 - Cannot read IP mode file for STMicroelectronics.X-CUBE-EEPRMA1.4.1.0
2023-11-20 10:27:22,199 [WARN] PackLoader:238 - Cannot read IP mode file for STMicroelectronics.X-CUBE-AI.8.1.0
2023-11-20 10:27:22,221 [WARN] ConditionMgr:437 - getConditionDescription Invalid condition id : LAN8742 Phy interface Condition cause : null
2023-11-20 10:27:22,221 [WARN] PackLoader:238 - Cannot read IP mode file for STMicroelectronics.X-CUBE-AZRTOS-L4.2.0.0
2023-11-20 10:27:22,222 [WARN] ConditionMgr:1038 - genDependencies : Invalid condition id : LAN8742 Phy interface Condition cause : null
2023-11-20 10:27:22,222 [WARN] ConditionMgr:1038 - genDependencies : Invalid condition id : LAN8742 Phy interface Condition cause : null
2023-11-20 10:27:22,223 [WARN] ConditionMgr:1038 - genDependencies : Invalid condition id : LAN8742 Phy interface Condition cause : null
2023-11-20 10:27:22,237 [WARN] PackLoader:238 - Cannot read IP mode file for STMicroelectronics.X-CUBE-SFXS2LP1.4.0.0
2023-11-20 10:27:22,246 [WARN] PackLoader:238 - Cannot read IP mode file for STMicroelectronics.X-CUBE-ISPU.1.1.0
2023-11-20 10:27:22,268 [WARN] ConditionMgr:437 - getConditionDescription Invalid condition id : UX DEVICE CLASS RTOS Condition cause : null
2023-11-20 10:27:22,268 [WARN] ConditionMgr:437 - getConditionDescription Invalid condition id : UX DEVICE CLASS RTOS Condition cause : null
2023-11-20 10:27:22,269 [WARN] PackLoader:238 - Cannot read IP mode file for STMicroelectronics.X-CUBE-AZRTOS-WB.2.0.0
2023-11-20 10:27:22,270 [WARN] ConditionMgr:1038 - genDependencies : Invalid condition id : UX DEVICE CLASS RTOS Condition cause : null
2023-11-20 10:27:22,270 [WARN] ConditionMgr:1038 - genDependencies : Invalid condition id : UX DEVICE CLASS RTOS Condition cause : null
2023-11-20 10:27:22,270 [WARN] ConditionMgr:1038 - genDependencies : Invalid condition id : UX DEVICE CLASS RTOS Condition cause : null
2023-11-20 10:27:22,270 [WARN] ConditionMgr:1038 - genDependencies : Invalid condition id : UX DEVICE CLASS RTOS Condition cause : null
2023-11-20 10:27:22,270 [WARN] ConditionMgr:1038 - genDependencies : Invalid condition id : UX DEVICE CLASS RTOS Condition cause : null
2023-11-20 10:27:22,284 [WARN] PackLoader:238 - Cannot read IP mode file for STMicroelectronics.X-CUBE-SUBG2.5.0.0
2023-11-20 10:27:22,306 [ERROR] Engine:463 - C:\Users\Admin\.stm32cubemx\thirdparties\pdsc\STMicroelectronics.X-CUBE-TOF1.3.3.1.pdsc: PDSC version is not supported
2023-11-20 10:27:22,330 [WARN] PackLoader:238 - Cannot read IP mode file for STMicroelectronics.X-CUBE-AZRTOS-G4.2.0.0
2023-11-20 10:27:22,345 [ERROR] Engine:463 - C:\Users\Admin\.stm32cubemx\thirdparties\pdsc\Infineon.AIROC-Wi-Fi-Bluetooth-STM32.1.5.1.pdsc: PDSC version is not supported
2023-11-20 10:27:22,360 [ERROR] Engine:463 - C:\Users\Admin\.stm32cubemx\thirdparties\pdsc\STMicroelectronics.FP-SNS-MOTENVWB1.1.3.0.pdsc: PDSC version is not supported
2023-11-20 10:27:22,408 [WARN] PackLoader:238 - Cannot read IP mode file for STMicroelectronics.X-CUBE-MEMS1.10.0.0
2023-11-20 10:27:22,524 [ERROR] Engine:463 - C:\Users\Admin\.stm32cubemx\thirdparties\pdsc\STMicroelectronics.X-CUBE-FREERTOS.1.1.0.pdsc: PDSC version is not supported
2023-11-20 10:27:22,540 [WARN] PackLoader:238 - Cannot read IP mode file for portGmbH.I-Cube-SoM-uGOAL.1.1.0
2023-11-20 10:27:22,550 [WARN] PackLoader:238 - Cannot read IP mode file for STMicroelectronics.X-CUBE-ALS.1.0.1
2023-11-20 10:27:22,563 [WARN] PackLoader:238 - Cannot read IP mode file for STMicroelectronics.FP-ATR-ASTRA1.2.0.0
2023-11-20 10:27:22,563 [INFO] ThirdParty:915 - Integrity check success = true
2023-11-20 10:27:22,565 [INFO] IntegrityCheckThread:94 - exiting critical section [integrity check]
2023-11-20 10:27:22,565 [INFO] IntegrityCheckThread:97 - End integrity checks thread
2023-11-20 10:27:22,565 [INFO] ThirdParty:815 - entering critical section [close project]
2023-11-20 10:27:22,566 [INFO] ThirdParty:825 - exiting critical section [close project]
2023-11-20 10:27:22,572 [INFO] PinOutPanel:1463 - setPackage(No Configuration,No Configuration)
2023-11-20 10:27:22,573 [INFO] UtilMem:74 - Begin LoadConfig() Used Memory: 206381472 Bytes (430964736)
2023-11-20 10:27:22,574 [INFO] MicroXplorer:448 - Change Database Path : 
2023-11-20 10:27:22,574 [INFO] MicroXplorer:478 - Change Database Version : DB.6.0.30
2023-11-20 10:27:22,574 [INFO] OpenFileManager:313 - Change cursor
2023-11-20 10:27:23,294 [INFO] Context:592 - Trying to add GPIOservice into a context  which must be forbidden
2023-11-20 10:27:23,551 [WARN] ApiManager:304 - Cannot register API 'Board Extension:GNSS1A1' from pack STMicroelectronics.X-CUBE-GNSS1.6.0.0: no header file found
2023-11-20 10:27:23,552 [WARN] ApiManager:304 - Cannot register API 'Board Support:Custom' from pack STMicroelectronics.X-CUBE-GNSS1.6.0.0: no header file found
2023-11-20 10:27:23,552 [WARN] ApiManager:304 - Cannot register API 'Data Exchange:lib_gnss' from pack STMicroelectronics.X-CUBE-GNSS1.6.0.0: no header file found
2023-11-20 10:27:23,681 [WARN] ApiManager:304 - Cannot register API 'Board Extension:IKS01A3' from pack STMicroelectronics.X-CUBE-MEMS1.9.6.0: no header file found
2023-11-20 10:27:23,682 [WARN] ApiManager:304 - Cannot register API 'Board Extension:IKS01A2' from pack STMicroelectronics.X-CUBE-MEMS1.9.6.0: no header file found
2023-11-20 10:27:23,682 [WARN] ApiManager:304 - Cannot register API 'Board Extension:IKS02A1' from pack STMicroelectronics.X-CUBE-MEMS1.9.6.0: no header file found
2023-11-20 10:27:23,686 [WARN] ApiManager:304 - Cannot register API 'Board Extension:EEPRMA2' from pack STMicroelectronics.X-CUBE-EEPRMA1.4.2.0: no header file found
2023-11-20 10:27:23,687 [WARN] ApiManager:304 - Cannot register API 'Board Extension:PGEEZ1' from pack STMicroelectronics.X-CUBE-EEPRMA1.4.2.0: no header file found
2023-11-20 10:27:23,687 [WARN] ApiManager:304 - Cannot register API 'Board Part:M24' from pack STMicroelectronics.X-CUBE-EEPRMA1.4.2.0: no header file found
2023-11-20 10:27:23,687 [WARN] ApiManager:304 - Cannot register API 'Board Part:M95' from pack STMicroelectronics.X-CUBE-EEPRMA1.4.2.0: no header file found
2023-11-20 10:27:23,687 [WARN] ApiManager:304 - Cannot register API 'Board Part:M95P32' from pack STMicroelectronics.X-CUBE-EEPRMA1.4.2.0: no header file found
2023-11-20 10:27:23,687 [WARN] ApiManager:304 - Cannot register API 'PGEEZ1:SPI' from pack STMicroelectronics.X-CUBE-EEPRMA1.4.2.0: no header file found
2023-11-20 10:27:23,687 [WARN] ApiManager:304 - Cannot register API 'PGEEZ1:QDSPI' from pack STMicroelectronics.X-CUBE-EEPRMA1.4.2.0: no header file found
2023-11-20 10:27:23,688 [INFO] RtosManager:484 - Registered RTOS mode: class=CMSIS, group=RTOS, mode=CMSIS_V1, owner=FREERTOS
2023-11-20 10:27:23,688 [INFO] RtosManager:484 - Registered RTOS mode: class=CMSIS, group=RTOS2, mode=CMSIS_V2, owner=FREERTOS
2023-11-20 10:27:23,688 [INFO] RtosManager:484 - Registered RTOS mode: class=RTOS, group=Core, mode=CMSIS_V1, owner=FREERTOS
2023-11-20 10:27:23,688 [INFO] RtosManager:484 - Registered RTOS mode: class=RTOS, group=Core, mode=CMSIS_V2, owner=FREERTOS
2023-11-20 10:27:23,688 [WARN] ModelIntegratedComponent:181 - Missing modes for component STMicroelectronics:FreeRTOS:0.0.1:STMicroelectronics:RTOS:FreeRTOS:Core:::10.2.0:
2023-11-20 10:27:23,690 [WARN] ApiManager:304 - Cannot register API 'Board Extension:NFC04A1' from pack STMicroelectronics.X-CUBE-NFC4.3.0.0: no header file found
2023-11-20 10:27:23,692 [WARN] ApiManager:304 - Cannot register API 'Board Extension:S2868A1' from pack STMicroelectronics.X-CUBE-SUBG2.5.0.0: no header file found
2023-11-20 10:27:23,692 [WARN] ApiManager:304 - Cannot register API 'Board Extension:S2868A2' from pack STMicroelectronics.X-CUBE-SUBG2.5.0.0: no header file found
2023-11-20 10:27:23,692 [WARN] ApiManager:304 - Cannot register API 'Board Extension:S2915A1' from pack STMicroelectronics.X-CUBE-SUBG2.5.0.0: no header file found
2023-11-20 10:27:23,694 [WARN] ApiManager:304 - Cannot register API 'Wireless:BlueNRG-MS' from pack STMicroelectronics.X-CUBE-BLE1.7.0.0: no header file found
2023-11-20 10:27:23,695 [WARN] ModelIntegratedComponent:60 - No mode defined for component null
2023-11-20 10:27:23,696 [WARN] ModelIntegratedComponent:60 - No mode defined for component null
2023-11-20 10:27:23,696 [WARN] ModelIntegratedComponent:60 - No mode defined for component null
2023-11-20 10:27:23,696 [WARN] ModelIntegratedComponent:60 - No mode defined for component null
2023-11-20 10:27:23,696 [WARN] ModelIntegratedComponent:60 - No mode defined for component null
2023-11-20 10:27:23,696 [WARN] ModelIntegratedComponent:60 - No mode defined for component null
2023-11-20 10:27:23,696 [WARN] ModelIntegratedComponent:60 - No mode defined for component null
2023-11-20 10:27:23,696 [WARN] ModelIntegratedComponent:60 - No mode defined for component null
2023-11-20 10:27:23,696 [WARN] ModelIntegratedComponent:60 - No mode defined for component null
2023-11-20 10:27:23,696 [WARN] ModelIntegratedComponent:60 - No mode defined for component null
2023-11-20 10:27:23,696 [WARN] ModelIntegratedComponent:60 - No mode defined for component null
2023-11-20 10:27:23,696 [WARN] ModelIntegratedComponent:60 - No mode defined for component null
2023-11-20 10:27:23,696 [WARN] ModelIntegratedComponent:60 - No mode defined for component null
2023-11-20 10:27:23,696 [WARN] ModelIntegratedComponent:60 - No mode defined for component null
2023-11-20 10:27:23,696 [WARN] ModelIntegratedComponent:60 - No mode defined for component null
2023-11-20 10:27:23,696 [WARN] ModelIntegratedComponent:60 - No mode defined for component null
2023-11-20 10:27:23,696 [WARN] ModelIntegratedComponent:60 - No mode defined for component null
2023-11-20 10:27:23,696 [WARN] ModelIntegratedComponent:60 - No mode defined for component null
2023-11-20 10:27:23,696 [WARN] ModelIntegratedComponent:60 - No mode defined for component null
2023-11-20 10:27:23,696 [WARN] ModelIntegratedComponent:60 - No mode defined for component null
2023-11-20 10:27:23,697 [WARN] ModelIntegratedComponent:60 - No mode defined for component null
2023-11-20 10:27:23,697 [WARN] ModelIntegratedComponent:60 - No mode defined for component null
2023-11-20 10:27:23,697 [WARN] ModelIntegratedComponent:60 - No mode defined for component null
2023-11-20 10:27:23,697 [WARN] ModelIntegratedComponent:60 - No mode defined for component null
2023-11-20 10:27:23,697 [WARN] ModelIntegratedComponent:60 - No mode defined for component null
2023-11-20 10:27:23,697 [WARN] ModelIntegratedComponent:60 - No mode defined for component null
2023-11-20 10:27:23,697 [WARN] ModelIntegratedComponent:60 - No mode defined for component null
2023-11-20 10:27:23,697 [WARN] ModelIntegratedComponent:60 - No mode defined for component null
2023-11-20 10:27:23,697 [WARN] ModelIntegratedComponent:60 - No mode defined for component null
2023-11-20 10:27:23,697 [WARN] ModelIntegratedComponent:60 - No mode defined for component null
2023-11-20 10:27:23,697 [WARN] ModelIntegratedComponent:60 - No mode defined for component null
2023-11-20 10:27:23,834 [WARN] ApiManager:304 - Cannot register API 'Board Extension:IKS01A3' from pack STMicroelectronics.X-CUBE-MEMS1.10.0.0: no header file found
2023-11-20 10:27:23,834 [WARN] ApiManager:304 - Cannot register API 'Board Extension:IKS02A1' from pack STMicroelectronics.X-CUBE-MEMS1.10.0.0: no header file found
2023-11-20 10:27:23,834 [WARN] ApiManager:304 - Cannot register API 'Board Extension:IKS4A1' from pack STMicroelectronics.X-CUBE-MEMS1.10.0.0: no header file found
2023-11-20 10:27:23,849 [WARN] ApiManager:304 - Cannot register API 'Board Extension:NFC07A1' from pack STMicroelectronics.X-CUBE-NFC7.1.0.1: no header file found
2023-11-20 10:27:23,850 [WARN] ApiManager:304 - Cannot register API 'Board Extension:NFC06A1' from pack STMicroelectronics.X-CUBE-NFC6.3.0.0: no header file found
2023-11-20 10:27:23,851 [WARN] ApiManager:304 - Cannot register API 'Board Extension:NFC08A1' from pack STMicroelectronics.X-CUBE-NFC6.3.0.0: no header file found
2023-11-20 10:27:23,851 [WARN] ApiManager:304 - Cannot register API 'Board Extension:EEPRMA1' from pack STMicroelectronics.X-CUBE-EEPRMA1.4.1.0: no header file found
2023-11-20 10:27:23,852 [WARN] ApiManager:304 - Cannot register API 'Board Extension:EEPRMA2' from pack STMicroelectronics.X-CUBE-EEPRMA1.4.1.0: no header file found
2023-11-20 10:27:23,852 [WARN] ApiManager:304 - Cannot register API 'Board Extension:PGEEZ1' from pack STMicroelectronics.X-CUBE-EEPRMA1.4.1.0: no header file found
2023-11-20 10:27:23,852 [WARN] ApiManager:304 - Cannot register API 'Board Part:M24' from pack STMicroelectronics.X-CUBE-EEPRMA1.4.1.0: no header file found
2023-11-20 10:27:23,852 [WARN] ApiManager:304 - Cannot register API 'Board Part:M95' from pack STMicroelectronics.X-CUBE-EEPRMA1.4.1.0: no header file found
2023-11-20 10:27:23,852 [WARN] ApiManager:304 - Cannot register API 'Board Part:M95P32' from pack STMicroelectronics.X-CUBE-EEPRMA1.4.1.0: no header file found
2023-11-20 10:27:23,852 [WARN] ApiManager:304 - Cannot register API 'PGEEZ1:SPI' from pack STMicroelectronics.X-CUBE-EEPRMA1.4.1.0: no header file found
2023-11-20 10:27:23,852 [WARN] ApiManager:304 - Cannot register API 'PGEEZ1:QDSPI' from pack STMicroelectronics.X-CUBE-EEPRMA1.4.1.0: no header file found
2023-11-20 10:27:23,858 [WARN] ApiManager:304 - Cannot register API 'Board Extension:S2868A1' from pack STMicroelectronics.X-CUBE-SFXS2LP1.4.0.0: no header file found
2023-11-20 10:27:23,858 [WARN] ApiManager:304 - Cannot register API 'Board Extension:S2868A2' from pack STMicroelectronics.X-CUBE-SFXS2LP1.4.0.0: no header file found
2023-11-20 10:27:23,858 [WARN] ApiManager:304 - Cannot register API 'Board Extension:S2915A1' from pack STMicroelectronics.X-CUBE-SFXS2LP1.4.0.0: no header file found
2023-11-20 10:27:23,859 [WARN] ApiManager:304 - Cannot register API 'Wireless:BlueNRG-2' from pack STMicroelectronics.X-CUBE-BLE2.3.3.0: no header file found
2023-11-20 10:27:25,917 [INFO] UtilMem:74 - End LoadConfig() Used Memory: 284448632 Bytes (430964736)
2023-11-20 10:27:25,918 [INFO] DbMcusXml:100 - Load MCU database from C:\ST\STM32CubeIDE_1.7.0\STM32CubeIDE\plugins\com.st.stm32cube.common.mx_6.3.0.202107141111\\db\/mcu/families.xml
2023-11-20 10:27:26,442 [INFO] DbMcusJson:93 - JSON generation date=Tue Nov 16 23:17:54 ICT 2021 (1637079474)
2023-11-20 10:27:26,968 [INFO] DbMcus:175 - Found 1951 MCUs (1903 are supported by CubeMX, 1914 are visible in CubeMX)
2023-11-20 10:27:26,969 [INFO] ApiDb:251 - Load user favorites file C:\Users\Admin/.stm32cubeide/favorites.mcus.txt: 0 item(s)
2023-11-20 10:27:26,969 [INFO] ApiDb:255 - User favorites MCUs=[]
2023-11-20 10:27:26,969 [INFO] DbMcus:187 - Set 0 / 0 favorites MCUs
2023-11-20 10:27:26,975 [WARN] ThirdParty:779 - waiting for thirdparty lock release [change project]
2023-11-20 10:27:26,975 [INFO] ThirdParty:781 - entering critical section [change project]
2023-11-20 10:27:26,975 [INFO] ThirdParty:967 - CMSIS Pack Vendor :STMicroelectronics X-CUBE-ISPU 1.1.0
2023-11-20 10:27:26,975 [INFO] ThirdParty:967 - CMSIS Pack Vendor :STMicroelectronics X-CUBE-GNSS1 6.0.0
2023-11-20 10:27:26,975 [INFO] ThirdParty:967 - CMSIS Pack Vendor :STMicroelectronics USB_HOST 2.0.0
2023-11-20 10:27:26,975 [INFO] ThirdParty:967 - CMSIS Pack Vendor :STMicroelectronics X-CUBE-AZRTOS-F4 1.1.0
2023-11-20 10:27:26,975 [INFO] ThirdParty:967 - CMSIS Pack Vendor :wolfSSL I-CUBE-wolfSSL 5.6.3
2023-11-20 10:27:26,975 [INFO] ThirdParty:967 - CMSIS Pack Vendor :STMicroelectronics USB_DEVICE 3.0.0
2023-11-20 10:27:26,975 [INFO] ThirdParty:967 - CMSIS Pack Vendor :STMicroelectronics X-CUBE-AZRTOS-WB 2.0.0
2023-11-20 10:27:26,975 [INFO] ThirdParty:967 - CMSIS Pack Vendor :STMicroelectronics X-CUBE-AZRTOS-F7 1.1.0
2023-11-20 10:27:26,975 [INFO] ThirdParty:967 - CMSIS Pack Vendor :STMicroelectronics X-CUBE-AZRTOS-L5 2.0.0
2023-11-20 10:27:26,975 [INFO] ThirdParty:967 - CMSIS Pack Vendor :STMicroelectronics USB_DEVICE 2.0.0
2023-11-20 10:27:26,975 [INFO] ThirdParty:967 - CMSIS Pack Vendor :STMicroelectronics X-CUBE-MEMS1 9.6.0
2023-11-20 10:27:26,975 [INFO] ThirdParty:967 - CMSIS Pack Vendor :STMicroelectronics X-CUBE-EEPRMA1 4.2.0
2023-11-20 10:27:26,975 [INFO] ThirdParty:967 - CMSIS Pack Vendor :STMicroelectronics X-CUBE-ALGOBUILD 1.3.0
2023-11-20 10:27:26,975 [INFO] ThirdParty:967 - CMSIS Pack Vendor :STMicroelectronics FreeRTOS 0.0.1
2023-11-20 10:27:26,975 [INFO] ThirdParty:967 - CMSIS Pack Vendor :STMicroelectronics X-CUBE-AZRTOS-G0 1.1.0
2023-11-20 10:27:26,975 [INFO] ThirdParty:967 - CMSIS Pack Vendor :STMicroelectronics X-CUBE-BLEMGR 2.0.0
2023-11-20 10:27:26,975 [INFO] ThirdParty:967 - CMSIS Pack Vendor :STMicroelectronics X-CUBE-NFC4 3.0.0
2023-11-20 10:27:26,975 [INFO] ThirdParty:967 - CMSIS Pack Vendor :STMicroelectronics X-CUBE-SUBG2 5.0.0
2023-11-20 10:27:26,975 [INFO] ThirdParty:967 - CMSIS Pack Vendor :STMicroelectronics lwIP 2.0.3
2023-11-20 10:27:26,975 [INFO] ThirdParty:967 - CMSIS Pack Vendor :STMicroelectronics USB_HOST 1.0.0
2023-11-20 10:27:26,975 [INFO] ThirdParty:967 - CMSIS Pack Vendor :STMicroelectronics X-CUBE-AZRTOS-G4 2.0.0
2023-11-20 10:27:26,975 [INFO] ThirdParty:967 - CMSIS Pack Vendor :STMicroelectronics PDM2PCM 3.1.0
2023-11-20 10:27:26,975 [INFO] ThirdParty:967 - CMSIS Pack Vendor :STMicroelectronics X-CUBE-AZRTOS-H7 3.1.0
2023-11-20 10:27:26,975 [INFO] ThirdParty:967 - CMSIS Pack Vendor :STMicroelectronics PDM2PCM 3.3.0
2023-11-20 10:27:26,976 [INFO] ThirdParty:967 - CMSIS Pack Vendor :STMicroelectronics X-CUBE-BLE1 7.0.0
2023-11-20 10:27:26,976 [INFO] ThirdParty:967 - CMSIS Pack Vendor :STMicroelectronics FP-ATR-SIGFOX1 3.2.0
2023-11-20 10:27:26,976 [INFO] ThirdParty:967 - CMSIS Pack Vendor :STMicroelectronics HAL Drivers 0.0.0
2023-11-20 10:27:26,976 [INFO] ThirdParty:967 - CMSIS Pack Vendor :STMicroelectronics MBEDTLS 2.16.2
2023-11-20 10:27:26,976 [INFO] ThirdParty:967 - CMSIS Pack Vendor :STMicroelectronics X-CUBE-MEMS1 10.0.0
2023-11-20 10:27:26,976 [INFO] ThirdParty:967 - CMSIS Pack Vendor :STMicroelectronics X-CUBE-TOUCHGFX 4.22.0
2023-11-20 10:27:26,976 [INFO] ThirdParty:967 - CMSIS Pack Vendor :STMicroelectronics X-CUBE-NFC7 1.0.1
2023-11-20 10:27:26,976 [INFO] ThirdParty:967 - CMSIS Pack Vendor :STMicroelectronics MBEDTLS 2.14.1
2023-11-20 10:27:26,976 [INFO] ThirdParty:967 - CMSIS Pack Vendor :STMicroelectronics X-CUBE-TOUCHGFX 4.22.1
2023-11-20 10:27:26,976 [INFO] ThirdParty:967 - CMSIS Pack Vendor :STMicroelectronics X-CUBE-NFC6 3.0.0
2023-11-20 10:27:26,976 [INFO] ThirdParty:967 - CMSIS Pack Vendor :STMicroelectronics X-CUBE-EEPRMA1 4.1.0
2023-11-20 10:27:26,976 [INFO] ThirdParty:967 - CMSIS Pack Vendor :portGmbH I-Cube-SoM-uGOAL 1.1.0
2023-11-20 10:27:26,976 [INFO] ThirdParty:967 - CMSIS Pack Vendor :STMicroelectronics X-CUBE-ALS 1.0.1
2023-11-20 10:27:26,976 [INFO] ThirdParty:967 - CMSIS Pack Vendor :STMicroelectronics X-CUBE-AZRTOS-WL 2.0.0
2023-11-20 10:27:26,976 [INFO] ThirdParty:967 - CMSIS Pack Vendor :SEGGER I-CUBE-embOS 1.3.1
2023-11-20 10:27:26,976 [INFO] ThirdParty:967 - CMSIS Pack Vendor :STMicroelectronics USB_DEVICE 1.0.0
2023-11-20 10:27:26,976 [INFO] ThirdParty:967 - CMSIS Pack Vendor :STMicroelectronics X-CUBE-AI 8.1.0
2023-11-20 10:27:26,976 [INFO] ThirdParty:967 - CMSIS Pack Vendor :STMicroelectronics X-CUBE-AZRTOS-L4 2.0.0
2023-11-20 10:27:26,976 [INFO] ThirdParty:967 - CMSIS Pack Vendor :STMicroelectronics ThreadX 0.0.2
2023-11-20 10:27:26,976 [INFO] ThirdParty:967 - CMSIS Pack Vendor :WES I-CUBE-Cesium 1.3.0
2023-11-20 10:27:26,976 [INFO] ThirdParty:967 - CMSIS Pack Vendor :STMicroelectronics FP-ATR-ASTRA1 2.0.0
2023-11-20 10:27:26,976 [INFO] ThirdParty:967 - CMSIS Pack Vendor :STMicroelectronics lwIP 2.1.2
2023-11-20 10:27:26,976 [INFO] ThirdParty:967 - CMSIS Pack Vendor :STMicroelectronics X-CUBE-SFXS2LP1 4.0.0
2023-11-20 10:27:26,976 [INFO] ThirdParty:967 - CMSIS Pack Vendor :STMicroelectronics X-CUBE-BLE2 3.3.0
2023-11-20 10:27:26,976 [INFO] ThirdParty:967 - CMSIS Pack Vendor :STMicroelectronics PDM2PCM 3.2.0
2023-11-20 10:27:26,976 [INFO] ThirdParty:787 - exiting critical section [change project]
2023-11-20 10:27:27,224 [INFO] PinOutPanel:1463 - setPackage(No Configuration,No Configuration)
2023-11-20 10:27:27,225 [INFO] PinOutPanel:1463 - setPackage(STM32F103RBTx,LQFP64)
2023-11-20 10:27:27,520 [INFO] UtilMem:74 - Before build in PCC Used Memory: 354046584 Bytes (543162368)
2023-11-20 10:27:27,960 [INFO] UtilMem:74 - After build in PCC Used Memory: 315468904 Bytes (543162368)
2023-11-20 10:27:27,986 [INFO] IPUIPlugin:74 - create IPUIPlugin
2023-11-20 10:27:27,986 [INFO] IPUIPlugin:74 - create IPUIPlugin
2023-11-20 10:27:27,986 [INFO] IPUIPlugin:74 - create IPUIPlugin
2023-11-20 10:27:27,986 [INFO] IPUIPlugin:74 - create IPUIPlugin
2023-11-20 10:27:27,986 [INFO] IPUIPlugin:74 - create IPUIPlugin
2023-11-20 10:27:27,987 [INFO] IPUIPlugin:74 - create IPUIPlugin
2023-11-20 10:27:27,987 [INFO] IPUIPlugin:74 - create IPUIPlugin
2023-11-20 10:27:27,987 [INFO] IPUIPlugin:74 - create IPUIPlugin
2023-11-20 10:27:27,987 [INFO] IPUIPlugin:74 - create IPUIPlugin
2023-11-20 10:27:27,987 [INFO] IPUIPlugin:74 - create IPUIPlugin
2023-11-20 10:27:27,987 [INFO] IPUIPlugin:74 - create IPUIPlugin
2023-11-20 10:27:27,988 [INFO] IPUIPlugin:74 - create IPUIPlugin
2023-11-20 10:27:27,988 [INFO] IPUIPlugin:74 - create IPUIPlugin
2023-11-20 10:27:27,988 [INFO] IPUIPlugin:74 - create IPUIPlugin
2023-11-20 10:27:27,988 [INFO] IPUIPlugin:74 - create IPUIPlugin
2023-11-20 10:27:27,989 [INFO] IPUIPlugin:74 - create IPUIPlugin
2023-11-20 10:27:27,989 [INFO] IPUIPlugin:74 - create IPUIPlugin
2023-11-20 10:27:27,989 [INFO] IPUIPlugin:74 - create IPUIPlugin
2023-11-20 10:27:27,989 [INFO] IPUIPlugin:74 - create IPUIPlugin
2023-11-20 10:27:27,990 [INFO] IPUIPlugin:74 - create IPUIPlugin
2023-11-20 10:27:27,990 [INFO] IPUIPlugin:74 - create IPUIPlugin
2023-11-20 10:27:27,990 [INFO] IPUIPlugin:74 - create IPUIPlugin
2023-11-20 10:27:27,991 [INFO] IPUIPlugin:74 - create IPUIPlugin
2023-11-20 10:27:27,991 [INFO] IPUIPlugin:74 - create IPUIPlugin
2023-11-20 10:27:27,991 [INFO] IPUIPlugin:74 - create IPUIPlugin
2023-11-20 10:27:27,992 [INFO] IPUIPlugin:74 - create IPUIPlugin
2023-11-20 10:27:27,992 [INFO] IPUIPlugin:74 - create IPUIPlugin
2023-11-20 10:27:28,111 [INFO] OpenFileManager:333 - Restore cursor
2023-11-20 10:33:04,595 [INFO] Pin:2088 - value.trim() 3
2023-11-20 10:33:04,595 [INFO] Pin:2089 - Pin value PA0-WKUP
2023-11-20 10:43:47,839 [INFO] UtilMem:74 - End SaveConfig() Used Memory: 705388328 Bytes (796917760)
2023-11-20 10:43:49,325 [INFO] UtilMem:74 - End SaveConfig() Used Memory: 679458536 Bytes (796917760)
2023-11-20 10:43:51,734 [INFO] UtilMem:74 - End SaveConfig() Used Memory: 685263896 Bytes (796917760)
2023-11-20 10:43:52,222 [INFO] BlockDiagram:2740 - set Specific Code input for plugin: NVIC
2023-11-20 10:43:52,222 [INFO] BlockDiagram:2740 - set Specific Code input for plugin: TIM1_8F1
2023-11-20 10:43:52,222 [INFO] BlockDiagram:2740 - set Specific Code input for plugin: SYS
2023-11-20 10:43:52,223 [INFO] BlockDiagram:2740 - set Specific Code input for plugin: GPIO
2023-11-20 10:43:52,223 [INFO] BlockDiagram:2740 - set Specific Code input for plugin: RCC
2023-11-20 10:43:52,224 [INFO] CodeGenerator:663 - code generatio: config db path: C:\ST\STM32CubeIDE_1.7.0\STM32CubeIDE\plugins\com.st.stm32cube.common.mx_6.3.0.202107141111\\db\
2023-11-20 10:43:52,602 [INFO] CodeEngine:239 - oldGeneratedFile, C:\Computer engineering study\3th year\Semester 1\Microprocessors-Microcontrollers\STM_workspace\lab3\lab3_xuong_mach\MXTmpFiles\license.tmp_save
2023-11-20 10:43:52,839 [INFO] CodeEngine:257 - Generated code: C:\Computer engineering study\3th year\Semester 1\Microprocessors-Microcontrollers\STM_workspace\lab3\lab3_xuong_mach\MXTmpFiles\license.tmp
2023-11-20 10:43:52,956 [INFO] CodeEngine:239 - oldGeneratedFile, C:\Computer engineering study\3th year\Semester 1\Microprocessors-Microcontrollers\STM_workspace\lab3\lab3_xuong_mach\MXTmpFiles\gpio.tmp_save
2023-11-20 10:43:53,061 [INFO] CodeEngine:257 - Generated code: C:\Computer engineering study\3th year\Semester 1\Microprocessors-Microcontrollers\STM_workspace\lab3\lab3_xuong_mach\MXTmpFiles\gpio.tmp
2023-11-20 10:43:53,246 [INFO] CodeEngine:239 - oldGeneratedFile, C:\Computer engineering study\3th year\Semester 1\Microprocessors-Microcontrollers\STM_workspace\lab3\lab3_xuong_mach\Core\Src\stm32f1xx_it.c_save
2023-11-20 10:43:53,394 [INFO] CodeEngine:257 - Generated code: C:\Computer engineering study\3th year\Semester 1\Microprocessors-Microcontrollers\STM_workspace\lab3\lab3_xuong_mach\Core\Src\stm32f1xx_it.c
2023-11-20 10:43:53,417 [INFO] CodeEngine:239 - oldGeneratedFile, C:\Computer engineering study\3th year\Semester 1\Microprocessors-Microcontrollers\STM_workspace\lab3\lab3_xuong_mach\Core\Inc\stm32f1xx_it.h_save
2023-11-20 10:43:53,500 [INFO] CodeEngine:257 - Generated code: C:\Computer engineering study\3th year\Semester 1\Microprocessors-Microcontrollers\STM_workspace\lab3\lab3_xuong_mach\Core\Inc\stm32f1xx_it.h
2023-11-20 10:43:53,545 [INFO] CodeEngine:239 - oldGeneratedFile, C:\Computer engineering study\3th year\Semester 1\Microprocessors-Microcontrollers\STM_workspace\lab3\lab3_xuong_mach\Core\Src\stm32f1xx_hal_msp.c_save
2023-11-20 10:43:53,663 [INFO] CodeEngine:257 - Generated code: C:\Computer engineering study\3th year\Semester 1\Microprocessors-Microcontrollers\STM_workspace\lab3\lab3_xuong_mach\Core\Src\stm32f1xx_hal_msp.c
2023-11-20 10:43:53,671 [INFO] CodeEngine:239 - oldGeneratedFile, C:\Computer engineering study\3th year\Semester 1\Microprocessors-Microcontrollers\STM_workspace\lab3\lab3_xuong_mach\MXTmpFiles\system.tmp_save
2023-11-20 10:43:53,742 [INFO] CodeEngine:257 - Generated code: C:\Computer engineering study\3th year\Semester 1\Microprocessors-Microcontrollers\STM_workspace\lab3\lab3_xuong_mach\MXTmpFiles\system.tmp
2023-11-20 10:43:53,765 [INFO] CodeEngine:239 - oldGeneratedFile, C:\Computer engineering study\3th year\Semester 1\Microprocessors-Microcontrollers\STM_workspace\lab3\lab3_xuong_mach\Core\Inc\stm32f1xx_hal_conf.h_save
2023-11-20 10:43:53,879 [INFO] CodeEngine:257 - Generated code: C:\Computer engineering study\3th year\Semester 1\Microprocessors-Microcontrollers\STM_workspace\lab3\lab3_xuong_mach\Core\Inc\stm32f1xx_hal_conf.h
2023-11-20 10:43:53,915 [WARN] IPConfigManager:3148 - IP not found : TIM
2023-11-20 10:43:53,915 [WARN] CodeGenerator:3268 - IP not found : null
2023-11-20 10:43:53,943 [INFO] CodeEngine:239 - oldGeneratedFile, C:\Computer engineering study\3th year\Semester 1\Microprocessors-Microcontrollers\STM_workspace\lab3\lab3_xuong_mach\Core\Inc\main.h_save
2023-11-20 10:43:54,048 [INFO] CodeEngine:257 - Generated code: C:\Computer engineering study\3th year\Semester 1\Microprocessors-Microcontrollers\STM_workspace\lab3\lab3_xuong_mach\Core\Inc\main.h
2023-11-20 10:43:54,083 [INFO] CodeEngine:239 - oldGeneratedFile, C:\Computer engineering study\3th year\Semester 1\Microprocessors-Microcontrollers\STM_workspace\lab3\lab3_xuong_mach\Core\Src\main.c_save
2023-11-20 10:43:54,223 [INFO] CodeEngine:257 - Generated code: C:\Computer engineering study\3th year\Semester 1\Microprocessors-Microcontrollers\STM_workspace\lab3\lab3_xuong_mach\Core\Src\main.c
2023-11-20 10:43:55,040 [INFO] ProjectBuilder:2578 - Time for Copy HAL[1] : 68mS.
2023-11-20 10:43:55,044 [INFO] ProjectBuilder:3622 - Project Generator version: 3.14.1
2023-11-20 10:43:55,436 [INFO] ConfigFileManager:1271 - The Die is : DIE410
2023-11-20 10:43:55,486 [INFO] ApiDbMcu:468 - Load IP Config File for FATFS
2023-11-20 10:43:55,512 [INFO] ApiDbMcu:468 - Load IP Config File for FREERTOS
2023-11-20 10:43:55,535 [INFO] ApiDbMcu:468 - Load IP Config File for USB_DEVICE
2023-11-20 10:43:58,166 [INFO] ProjectBuilder:3789 - Time for Generating toolchain IDE Files: 3122mS.
2023-11-20 10:43:58,167 [INFO] ProjectBuilder:2457 - Time for Copy CMSIS : 0mS.
2023-11-20 10:43:58,169 [INFO] ProjectBuilder:2457 - Time for Copy CMSIS : 0mS.
2023-11-20 10:49:53,406 [INFO] UtilMem:74 - End SaveConfig() Used Memory: 888315680 Bytes (1053818880)
2023-11-20 10:49:54,745 [INFO] UtilMem:74 - End SaveConfig() Used Memory: 911906592 Bytes (1053818880)
2023-11-20 10:49:56,120 [INFO] UtilMem:74 - End SaveConfig() Used Memory: 795308296 Bytes (1053818880)
2023-11-20 10:49:56,351 [INFO] BlockDiagram:2740 - set Specific Code input for plugin: NVIC
2023-11-20 10:49:56,351 [INFO] BlockDiagram:2740 - set Specific Code input for plugin: TIM1_8F1
2023-11-20 10:49:56,351 [INFO] BlockDiagram:2740 - set Specific Code input for plugin: SYS
2023-11-20 10:49:56,352 [INFO] BlockDiagram:2740 - set Specific Code input for plugin: GPIO
2023-11-20 10:49:56,352 [INFO] BlockDiagram:2740 - set Specific Code input for plugin: RCC
2023-11-20 10:49:56,353 [INFO] CodeGenerator:663 - code generatio: config db path: C:\ST\STM32CubeIDE_1.7.0\STM32CubeIDE\plugins\com.st.stm32cube.common.mx_6.3.0.202107141111\\db\
2023-11-20 10:49:56,668 [INFO] CodeEngine:239 - oldGeneratedFile, C:\Computer engineering study\3th year\Semester 1\Microprocessors-Microcontrollers\STM_workspace\lab3\lab3_xuong_mach\MXTmpFiles\license.tmp_save
2023-11-20 10:49:56,734 [INFO] CodeEngine:257 - Generated code: C:\Computer engineering study\3th year\Semester 1\Microprocessors-Microcontrollers\STM_workspace\lab3\lab3_xuong_mach\MXTmpFiles\license.tmp
2023-11-20 10:49:56,764 [INFO] CodeEngine:239 - oldGeneratedFile, C:\Computer engineering study\3th year\Semester 1\Microprocessors-Microcontrollers\STM_workspace\lab3\lab3_xuong_mach\MXTmpFiles\gpio.tmp_save
2023-11-20 10:49:56,891 [INFO] CodeEngine:257 - Generated code: C:\Computer engineering study\3th year\Semester 1\Microprocessors-Microcontrollers\STM_workspace\lab3\lab3_xuong_mach\MXTmpFiles\gpio.tmp
2023-11-20 10:49:57,025 [INFO] CodeEngine:239 - oldGeneratedFile, C:\Computer engineering study\3th year\Semester 1\Microprocessors-Microcontrollers\STM_workspace\lab3\lab3_xuong_mach\Core\Src\stm32f1xx_it.c_save
2023-11-20 10:49:57,109 [INFO] CodeEngine:257 - Generated code: C:\Computer engineering study\3th year\Semester 1\Microprocessors-Microcontrollers\STM_workspace\lab3\lab3_xuong_mach\Core\Src\stm32f1xx_it.c
2023-11-20 10:49:57,114 [INFO] CodeEngine:239 - oldGeneratedFile, C:\Computer engineering study\3th year\Semester 1\Microprocessors-Microcontrollers\STM_workspace\lab3\lab3_xuong_mach\Core\Inc\stm32f1xx_it.h_save
2023-11-20 10:49:57,187 [INFO] CodeEngine:257 - Generated code: C:\Computer engineering study\3th year\Semester 1\Microprocessors-Microcontrollers\STM_workspace\lab3\lab3_xuong_mach\Core\Inc\stm32f1xx_it.h
2023-11-20 10:49:57,214 [INFO] CodeEngine:239 - oldGeneratedFile, C:\Computer engineering study\3th year\Semester 1\Microprocessors-Microcontrollers\STM_workspace\lab3\lab3_xuong_mach\Core\Src\stm32f1xx_hal_msp.c_save
2023-11-20 10:49:57,299 [INFO] CodeEngine:257 - Generated code: C:\Computer engineering study\3th year\Semester 1\Microprocessors-Microcontrollers\STM_workspace\lab3\lab3_xuong_mach\Core\Src\stm32f1xx_hal_msp.c
2023-11-20 10:49:57,302 [INFO] CodeEngine:239 - oldGeneratedFile, C:\Computer engineering study\3th year\Semester 1\Microprocessors-Microcontrollers\STM_workspace\lab3\lab3_xuong_mach\MXTmpFiles\system.tmp_save
2023-11-20 10:49:57,342 [INFO] CodeEngine:257 - Generated code: C:\Computer engineering study\3th year\Semester 1\Microprocessors-Microcontrollers\STM_workspace\lab3\lab3_xuong_mach\MXTmpFiles\system.tmp
2023-11-20 10:49:57,370 [INFO] CodeEngine:239 - oldGeneratedFile, C:\Computer engineering study\3th year\Semester 1\Microprocessors-Microcontrollers\STM_workspace\lab3\lab3_xuong_mach\Core\Inc\stm32f1xx_hal_conf.h_save
2023-11-20 10:49:57,483 [INFO] CodeEngine:257 - Generated code: C:\Computer engineering study\3th year\Semester 1\Microprocessors-Microcontrollers\STM_workspace\lab3\lab3_xuong_mach\Core\Inc\stm32f1xx_hal_conf.h
2023-11-20 10:49:57,511 [WARN] IPConfigManager:3148 - IP not found : TIM
2023-11-20 10:49:57,512 [WARN] CodeGenerator:3268 - IP not found : null
2023-11-20 10:49:57,533 [INFO] CodeEngine:239 - oldGeneratedFile, C:\Computer engineering study\3th year\Semester 1\Microprocessors-Microcontrollers\STM_workspace\lab3\lab3_xuong_mach\Core\Inc\main.h_save
2023-11-20 10:49:57,585 [INFO] CodeEngine:257 - Generated code: C:\Computer engineering study\3th year\Semester 1\Microprocessors-Microcontrollers\STM_workspace\lab3\lab3_xuong_mach\Core\Inc\main.h
2023-11-20 10:49:57,609 [INFO] CodeEngine:239 - oldGeneratedFile, C:\Computer engineering study\3th year\Semester 1\Microprocessors-Microcontrollers\STM_workspace\lab3\lab3_xuong_mach\Core\Src\main.c_save
2023-11-20 10:49:57,789 [INFO] CodeEngine:257 - Generated code: C:\Computer engineering study\3th year\Semester 1\Microprocessors-Microcontrollers\STM_workspace\lab3\lab3_xuong_mach\Core\Src\main.c
2023-11-20 10:49:58,550 [INFO] ProjectBuilder:2578 - Time for Copy HAL[1] : 53mS.
2023-11-20 10:49:58,553 [INFO] ProjectBuilder:3622 - Project Generator version: 3.14.1
2023-11-20 10:49:58,959 [INFO] ConfigFileManager:1271 - The Die is : DIE410
2023-11-20 10:50:00,856 [INFO] ProjectBuilder:3789 - Time for Generating toolchain IDE Files: 2303mS.
2023-11-20 10:50:00,857 [INFO] ProjectBuilder:2457 - Time for Copy CMSIS : 0mS.
2023-11-20 10:50:00,859 [INFO] ProjectBuilder:2457 - Time for Copy CMSIS : 0mS.
2023-11-21 13:00:29,014 [INFO] Activator:177 - 


2023-11-21 13:00:29,017 [INFO] Activator:178 - !SESSION log4j initialized
